-------------------

Error occurred on Tuesday, November 5, 2019 at 02:19:21.

codeblocks.exe caused an Access Violation at location 0000000000000000 DEP violation at location 0000000000000000.

AddrPC           Params
-------------------

Error occurred on Monday, November 18, 2019 at 03:09:46.

codeblocks.exe caused a Breakpoint at location 0000000069D0F4EB in module wxmsw311u_gcc_cb.dll.

AddrPC           Params
0000000069D0F4EB 00000000008AE150 000000000080FCA0 0000000000940000  wxmsw311u_gcc_cb.dll!wxDDECleanUp
0000000069C9DF09 000000000086DD50 0000000000000010 0000000000000000  wxmsw311u_gcc_cb.dll!wxModule::DoCleanUpModules
0000000069C82353 000000000086DD50 000000006ABF5670 0000000000000010  wxmsw311u_gcc_cb.dll!wxEntryCleanup
0000000069C823CA 000000000086DD50 0000000069D704AB 00000000009922B6  wxmsw311u_gcc_cb.dll!wxUninitialize
0000000069C839E8 0000000000000010 0000000000000040 00000000008714E0  wxmsw311u_gcc_cb.dll!wxEntryReal
0000000000402291 0000000000400000 0000000000000000 00000000009934F9  codeblocks.exe!0x2291
00000000004013C7 0000000000000000 0000000000000000 0000000000000000  codeblocks.exe!0x13c7
00000000004014CB 0000000000000000 0000000000000000 0000000000000000  codeblocks.exe!0x14cb
00007FFFF8567BD4 0000000000000000 0000000000000000 0000000000000000  KERNEL32.DLL!BaseThreadInitThunk
00007FFFFA2ECED1 0000000000000000 0000000000000000 0000000000000000  ntdll.dll!RtlUserThreadStart

codeblocks.exe	17.12.0.0
ntdll.dll   	10.0.18362.418
KERNEL32.DLL	10.0.18362.329
KERNELBASE.dll	10.0.18362.418
msvcrt.dll  	7.0.18362.1
COMCTL32.dll	6.10.18362.418
SHELL32.dll 	10.0.18362.387
ucrtbase.dll	10.0.18362.387
combase.dll 	10.0.18362.356
cfgmgr32.dll	10.0.18362.387
RPCRT4.dll  	10.0.18362.1
shcore.dll  	10.0.18362.1
bcryptPrimitives.dll	10.0.18362.295
windows.storage.dll	10.0.18362.387
GDI32.dll   	10.0.18362.1
msvcp_win.dll	10.0.18362.387
win32u.dll  	10.0.18362.387
sechost.dll 	10.0.18362.267
gdi32full.dll	10.0.18362.356
advapi32.dll	10.0.18362.329
USER32.dll  	10.0.18362.418
profapi.dll 	10.0.18362.1
powrprof.dll	10.0.18362.1
UMPDC.dll
shlwapi.dll 	10.0.18362.1
kernel.appcore.dll	10.0.18362.1
cryptsp.dll 	10.0.18362.1
SHFOLDER.dll	10.0.18362.1
libgcc_s_seh-1.dll
libstdc++-6.dll
exchndl.dll 	0.9.1.0
PSAPI.DLL   	10.0.18362.1
libwinpthread-1.dll	1.0.0.0
VERSION.dll 	10.0.18362.1
mgwhelp.dll 	0.9.1.0
dbghelp.dll 	10.0.17134.12
dbgcore.DLL 	10.0.17134.12
wxmsw311u_gcc_cb.dll	3.1.1.0
comdlg32.dll	10.0.18362.418
ole32.dll   	10.0.18362.113
OLEAUT32.dll	10.0.18362.329
OLEACC.dll  	7.2.18362.1
UxTheme.dll 	10.0.18362.387
WINMM.dll   	10.0.18362.1
WINSPOOL.DRV	10.0.18362.267
bcrypt.dll  	10.0.18362.267
WINMMBASE.dll	10.0.18362.1
PROPSYS.dll 	7.0.18362.267
IPHLPAPI.DLL	10.0.18362.1
WSOCK32.dll 	10.0.18362.1
WS2_32.dll  	10.0.18362.387
codeblocks.dll
IMM32.DLL   	10.0.18362.387
rsaenh.dll  	10.0.18362.1
CRYPTBASE.dll	10.0.18362.1
MSCTF.dll   	10.0.18362.387
SspiCli.dll 	10.0.18362.1
DUser.dll   	10.0.18362.1
atlthunk.dll	10.0.18362.1
TextInputFramework.dll	10.0.18362.267
CoreMessaging.dll	10.0.18362.1
CoreUIComponents.dll	10.0.18362.207
ntmarta.dll 	10.0.18362.1
wintypes.dll	10.0.18362.267
iertutil.dll	11.0.18362.387
clbcatq.dll 	2001.12.10941.16384
Ninput.dll  	10.0.18362.1
dwmapi.dll  	10.0.18362.267
symsrv.dll  	10.0.17134.12
CRYPT32.dll 	10.0.18362.1
MSASN1.dll  	10.0.18362.1
WININET.dll 	11.0.18362.418
ondemandconnroutehelper.dll	10.0.18362.1
winhttp.dll 	10.0.18362.387
mswsock.dll 	10.0.18362.1
WINNSI.DLL  	10.0.18362.1
NSI.dll     	10.0.18362.1
urlmon.dll  	11.0.18362.387
DNSAPI.dll  	10.0.18362.267
rasadhlp.dll	10.0.18362.1
fwpuclnt.dll	10.0.18362.207
schannel.DLL	10.0.18362.418
mskeyprotect.dll	10.0.18362.1
ncrypt.dll  	10.0.18362.1
NTASN1.dll  	10.0.18362.1
DPAPI.DLL   	10.0.18362.1
WINTRUST.dll	10.0.18362.387
cryptnet.dll	10.0.18362.1
dhcpcsvc6.DLL	10.0.18362.267
dhcpcsvc.DLL	10.0.18362.267
webio.dll   	10.0.18362.387
ncryptsslp.dll	10.0.18362.1

Windows 10.0.18362
DrMingw 0.9.1

-------------------

Error occurred on Friday, November 22, 2019 at 20:56:04.

codeblocks.exe caused an Access Violation at location 0000000004FD7828 in module wxsmithlib.dll Reading from location 0000000000000330.

AddrPC           Params
0000000004FD7828 0000000000000000 00000000086ECAC0 00000000000027F8  wxsmithlib.dll!wxsResourceTree::InvalidateItemData
0000000004FD7D39 00000000086ECAC0 00000000086E06A0 00000000086E06A0  wxsmithlib.dll!wxsResourceTreeItemData::~wxsResourceTreeItemData
0000000004FD78E4 00000000086ECAC0 00000000086E06A0 00000000008098E0  wxsmithlib.dll!wxsResourceTree::OnPopupMenu
0000000004FD7901 00000000086ECAC0 0000000000000000 0000000000809940  wxsmithlib.dll!wxsResourceTree::OnPopupMenu
0000000069F563ED 00007FFECBE50000 00007FFEC76F4800 0000000000000000  wxmsw311u_gcc_cb.dll!wxTreeCtrl::MSWOnNotify
0000000069E6D5D7 0000000000000001 0000000000000000 0000000000000000  wxmsw311u_gcc_cb.dll!wxWindow::MSWHandleMessage
0000000069E5E2EC FFFFFFFFFFFFFFFF 00007FFECBE56274 0000000000000001  wxmsw311u_gcc_cb.dll!wxWindow::MSWWindowProc
00007FFECBE563ED 00000000013C48B0 0000000069E66020 00000000001700FA  USER32.dll!CallWindowProcW
00007FFECBE559FC 0000000040000000 0000000069E66000 FFFFFFFFFFFF85F4  USER32.dll!SendMessageW
00007FFECBE55768 000000000080A130 0000000000000000 000000000080A099  USER32.dll!SendMessageW
00007FFEB5EE7715 00000000000401C8 0000000000000002 FFFFFFFFFFFF85F4  COMCTL32.dll!CCSetScrollInfo
00007FFEB5E7BC41 0000000000000000 00000000009373D0 FFFFFFFFFFB61E89  COMCTL32.dll!Ordinal382
00007FFEB5E7BD8B 0000000004ED1EC0 0000000000000005 0000000004ED1EC0  COMCTL32.dll!Ordinal382
00007FFEB5E7BD8B 0000000004ED1EC0 0000000000000000 00000000009373D0  COMCTL32.dll!Ordinal382
00007FFEB5E7C67E 0000000000000001 000000000080A519 0000000000000000  COMCTL32.dll!Ordinal382
00007FFEB5E77DCD 000000000008038E 0000000000000000 0000000000000001  COMCTL32.dll!ImageList_AddMasked
00007FFECBE563ED 00000000000401C8 00007FFEB5E77A00 00000000000401C8  USER32.dll!CallWindowProcW
00007FFECBE560BE 00000000086E06A0 FFFFFFFFFFFF0000 0000000000001101  USER32.dll!CallWindowProcW
0000000069E63E1F 000000000012039A 0000000000000001 000000000080A9A9  wxmsw311u_gcc_cb.dll!wxWindow::MSWDefWindowProc
0000000069F51DF4 000000000080AA00 00000000084B8AA0 0000000000000000  wxmsw311u_gcc_cb.dll!wxTreeCtrl::MSWDefWindowProc
0000000069E5E314 0000000000000000 00007FFECBE566B0 00000000084B8AA0  wxmsw311u_gcc_cb.dll!wxWindow::MSWWindowProc
0000000069F54820 0000000000000002 0000000069E61835 0000000000000001  wxmsw311u_gcc_cb.dll!wxTreeCtrl::MSWWindowProc
00007FFECBE563ED 00000000013C4B90 0000000069E66020 00000000000401C8  USER32.dll!CallWindowProcW
00007FFECBE559FC 0000000040000000 0000000000000000 0000000000000000  USER32.dll!SendMessageW
00007FFECBE55768 00000000086E06A0 00000000086E06A0 0000000000000000  USER32.dll!SendMessageW
0000000069F504F4 00000000086E06A0 00000000000028A4 0000C292FFFF85F4  wxmsw311u_gcc_cb.dll!wxTreeCtrl::DeleteAllItems
0000000069F50783 0000000000030000 00007FFECBE65B57 0000000000000000  wxmsw311u_gcc_cb.dll!wxTreeCtrl::~wxTreeCtrl
0000000004FD6E1C 00000000086E06A0 00007FFECC9A4EF7 0000000000000000  wxsmithlib.dll!wxsResourceTree::~wxsResourceTree
0000000004FD6E41 00000000086E06A0 00000000027E8FE0 0000000000000001  wxsmithlib.dll!wxsResourceTree::~wxsResourceTree
000000006A08068B 0000000002DABFA0 000000006A889653 000000006A8889E4  wxmsw311u_gcc_cb.dll!wxWindowBase::Destroy
000000006A0807A0 000004B000000000 0000000000000000 0000000000000000  wxmsw311u_gcc_cb.dll!wxWindowBase::DestroyChildren
0000000069E66369 0000000000000000 0000000000000001 0000000000000010  wxmsw311u_gcc_cb.dll!wxWindow::~wxWindow
000000006A7D97A7 000000000D6720A0 00000000027E8FE0 0000000000000001  wxmsw311u_gcc_cb.dll!wxPanel::~wxPanel
000000006A08068B 0000000002DABFA0 000000006A889653 000000006A8889E4  wxmsw311u_gcc_cb.dll!wxWindowBase::Destroy
000000006A0807A0 0000000000000090 00000000087344B0 0000000000180000  wxmsw311u_gcc_cb.dll!wxWindowBase::DestroyChildren
0000000069E66369 0000000000000000 000000006FD0531C 000000000C8E0CA0  wxmsw311u_gcc_cb.dll!wxWindow::~wxWindow
000000006A0D45FD 000000000080B8A0 00000000088D9880 000000000856FBB0  wxmsw311u_gcc_cb.dll!wxSplitterWindow::~wxSplitterWindow
000000006A08068B 0000000000000001 000000000080B8B0 0000000000000001  wxmsw311u_gcc_cb.dll!wxWindowBase::Destroy
000000006A0807A0 0000000000000000 00007FFECC4D9CFC 0000000000000001  wxmsw311u_gcc_cb.dll!wxWindowBase::DestroyChildren
0000000069E66369 0000000008531DF8 000000006A0805FD 0000000000000000  wxmsw311u_gcc_cb.dll!wxWindow::~wxWindow
00000000051549FC 0000000008531BB0 0000000000000000 0000000008531BB0  wxsmithlib.dll!wxNavigationEnabled<wxWindow>::~wxNavigationEnabled
0000000005114FEA 0000000008531BB0 000000007FFFFFFF 0000000000000000  wxsmithlib.dll!wxPanelBase::~wxPanelBase
00000000051618EA 0000000008531BB0 000000006A2DEC5D 0000000000000000  wxsmithlib.dll!wxPanel::~wxPanel
000000000515C8F6 0000000008531BB0 000000000320D820 000000006A8889E4  wxsmithlib.dll!wxsStoringSplitterWindow::~wxsStoringSplitterWindow
000000000515C8B5 0000000008531BB0 000000006A8FA270 0000000002DABFA0  wxsmithlib.dll!wxsStoringSplitterWindow::~wxsStoringSplitterWindow
000000006A08068B 0000000000000000 00007FFECC9BFC11 000000006A85F000  wxmsw311u_gcc_cb.dll!wxWindowBase::Destroy
000000006A2D88FC 0000000003354CF0 0000000070C18B9C 0000000000000000  wxmsw311u_gcc_cb.dll!wxAuiNotebook::DeletePage
000000006A2E1A1A 00000000033552B0 0000000003354CF0 0000000000000000  wxmsw311u_gcc_cb.dll!wxAuiNotebook::~wxAuiNotebook
0000000070946DCE 0000000003354CF0 00000000031835B0 000000006ABF1100  codeblocks.dll!cbAuiNotebook::~cbAuiNotebook
0000000070946DF3 0000000003354CF0 0000000302D03FE0 0000000006E4FF90  codeblocks.dll!cbAuiNotebook::~cbAuiNotebook
000000006A08068B 0000000000000000 0000000002DABFA0 000000006ABF1100  wxmsw311u_gcc_cb.dll!wxWindowBase::Destroy
000000006A0807A0 00000000031C6340 0000023500000000 0000000000000000  wxmsw311u_gcc_cb.dll!wxWindowBase::DestroyChildren
0000000069E66369 0000000000000000 000000006AC21FA0 000000000080BCF0  wxmsw311u_gcc_cb.dll!wxWindow::~wxWindow
0000000069E20FB8 0000000003183B30 000000006AC1D100 0000000E00000000  wxmsw311u_gcc_cb.dll!wxNonOwnedWindow::~wxNonOwnedWindow
000000000045BEEA 00000000031835B0 000000930000021F 0000A84540E79B7B  codeblocks.exe!0x5beea
000000000045BF07 00000000031835B0 000000000080C190 0000000004EDF020  codeblocks.exe!0x5bf07
0000000069F645AA 000000000080C0D0 00007FFEB5EAE46C 00000000120108C1  wxmsw311u_gcc_cb.dll!wxAppBase::DeleteAllTLWs
0000000069D9928E 0000000000000000 0000000000000000 0000A84540E79D7B  wxmsw311u_gcc_cb.dll!wxApp::OnEndSession
0000000069C03214 000000000080BE10 000000000080BEC0 0000C292E471855E  wxmsw311u_gcc_cb.dll!wxAppConsoleBase::CallEventHandler
0000000069D62D42 0000000000000000 00000000000308F4 000000000080BFC8  wxmsw311u_gcc_cb.dll!wxEvtHandler::ProcessEventIfMatchesId
0000000069D62E48 00000000027E8FE0 0000000000000001 0000000040000001  wxmsw311u_gcc_cb.dll!wxEventHashTable::HandleEvent
0000000069D6356D 000000000080C990 0000000000000000 0000000000000070  wxmsw311u_gcc_cb.dll!wxEvtHandler::TryHereOnly
0000000069D635DD 0000000000000001 0000000040000001 0000000000000001  wxmsw311u_gcc_cb.dll!wxEvtHandler::ProcessEventLocally
0000000069D63671 0000000000000000 000000000080BFA0 0000000000000000  wxmsw311u_gcc_cb.dll!wxEvtHandler::ProcessEvent
0000000069E6133F 0000000000000001 00007FFECBE54A0D 00000000000308F4  wxmsw311u_gcc_cb.dll!wxWindow::HandleEndSession
0000000069E6DF15 0000000000000000 0000000000000016 0000000001363500  wxmsw311u_gcc_cb.dll!wxWindow::MSWHandleMessage
0000000069E5E2EC 0000000040000001 0000000000000000 0000000000000000  wxmsw311u_gcc_cb.dll!wxWindow::MSWWindowProc
0000000069EC7A80 0000000000000001 0000000000000001 0000000000000001  wxmsw311u_gcc_cb.dll!wxFrame::MSWWindowProc
00007FFECBE563ED 00000000C0000388 0000000069E66020 00000000000306A0  USER32.dll!CallWindowProcW
00007FFECBE55FBC 0000000000000000 0000000000000000 0000000000000001  USER32.dll!DispatchMessageW
00007FFECBE62753 000000000C529FD0 00007FFECC9BFC11 0000000004F4F868  USER32.dll!IsWindowVisible
00007FFECCA1FE14 00007FFECBE54B4A 00000000000027A4 000000006FD0531C  ntdll.dll!KiUserCallbackDispatch
00007FFEC9E61184 00000000000027A4 000000006FD0531C 0000000000000018  win32u.dll!NtUserMessageCall
00007FFECBE54B4A 000000000080C77F 0000000008558F90 0000000000000000  USER32.dll!GetWindowTextW
00007FFECBE547F3 0000000007B3E140 000000000000003B 000000004000018D  USER32.dll!GetWindowTextW
0000000069E63E49 00000000030F1808 00007FFECA748BA3 0000000000000000  wxmsw311u_gcc_cb.dll!wxWindow::MSWDefWindowProc
0000000069E5E314 0000000000000000 0000000000000000 0000000000000001  wxmsw311u_gcc_cb.dll!wxWindow::MSWWindowProc
00007FFECBE563ED 00000000C0000388 0000000069E66020 0000000000070366  USER32.dll!CallWindowProcW
00007FFECBE55FBC 0000000000000000 0000000000000000 000000004000018D  USER32.dll!DispatchMessageW
00007FFECBE62753 0000000006E1EC60 00007FFECC9A5013 0000000000020414  USER32.dll!IsWindowVisible
00007FFECCA1FE14 00007FFEBE24D079 0000000000000113 0000000080009011  ntdll.dll!KiUserCallbackDispatch
00007FFEC9E62C44 0000000000000113 0000000080009011 0000000000000000  win32u.dll!NtUserRealInternalGetMessage
00007FFEBE24D079 0000000000000000 000000000080CD38 0000000000000000  DUser.dll!GetMessageExA
00007FFEBE24CE62 0000000000000000 0000000000000001 0000000000000000  DUser.dll!GetMessageExA
00007FFECBE64A14 00000000FFFFFFFF 0000000000000000 0000000000000060  USER32.dll!GetThreadDpiAwarenessContext
00007FFECCA1FE14 00007FFECBE59CC2 0000000000000000 0000000000000001  ntdll.dll!KiUserCallbackDispatch
00007FFEC9E610C4 0000000000000000 0000000000000001 00000000000027A4  win32u.dll!NtUserPeekMessage
00007FFECBE59CC2 0000000000000000 00000000000000E5 0000000000020414  USER32.dll!PeekMessageW
00007FFECBE6C3B1 0000000000000000 00000000000006A0 0000000000000000  USER32.dll!DialogBoxIndirectParamAorW
00007FFECBE6C1EF 0000000004FB4110 00000000000306A0 00007FFEB5E728B0  USER32.dll!DialogBoxIndirectParamAorW
00007FFECBE6C0B2 00007FFEB5E728B0 00007FFEB5E70000 0000000004FB4110  USER32.dll!DialogBoxIndirectParamAorW
00007FFECBE6C048 000000000080D1B0 00007FFEB5E724F3 0000000000000000  USER32.dll!DialogBoxIndirectParamW
00007FFEB5E7288A 1662CA4900000485 0000000000000000 0000000000000000  COMCTL32.dll!TaskDialogIndirect
00007FFEB5E72812 000000000C489630 000000000080D460 00007FFEB5E712B0  COMCTL32.dll!TaskDialogIndirect
0000000069EF5887 000000000080D460 0000000000000001 000000000080D900  wxmsw311u_gcc_cb.dll!wxMessageDialog::ShowModal
00000000709F3231 000000000080D9A0 0000000006E036E8 000000000000041A  codeblocks.dll!cbMessageBox
000000000049DCB6 000000000281DAA0 0000000008701BE0 000000000080DB01  codeblocks.exe!0x9dcb6
000000000049DA50 000000000281DAA0 000000000080DC40 0000000000800001  codeblocks.exe!0x9da50
000000000049E186 000000000281DAA0 000000000080DFA0 0000000000000000  codeblocks.exe!0x9e186
0000000070A3DC91 00000000032263F0 00000000034C7488 0000000006E3C1D0  codeblocks.dll!ProjectManager::CloseWorkspace
000000000046904F 00000000031835B0 000000000080E2D0 FFFFFFFF00000000  codeblocks.exe!0x6904f
000000000047037C 00000000031835B0 000000000080E910 00007FFECA97F6AC  codeblocks.exe!0x7037c
0000000069C03214 FFFFFFFFFF911F44 0001910100000B68 00007FFECC9E9FAF  wxmsw311u_gcc_cb.dll!wxAppConsoleBase::CallEventHandler
0000000069D62D42 0000000000000050 00007FFECC9F38D0 00000000027E8FE0  wxmsw311u_gcc_cb.dll!wxEvtHandler::ProcessEventIfMatchesId
0000000069D62E48 00000000031835B0 00007FFECC980000 0000000000000000  wxmsw311u_gcc_cb.dll!wxEventHashTable::HandleEvent
0000000069D6356D 0000000000000800 0000000000CC0020 0000000000000000  wxmsw311u_gcc_cb.dll!wxEvtHandler::TryHereOnly
0000000069D62FE3 00000206002B002B 000000000080F7B0 00007FFECC9E9FAF  wxmsw311u_gcc_cb.dll!wxEvtHandler::DoTryChain
0000000069D63671 0000000069C93F80 0000000008462DD0 0000000000000000  wxmsw311u_gcc_cb.dll!wxEvtHandler::ProcessEvent
0000000069D6539B 0000000000000000 000000000080F720 000000000080F750  wxmsw311u_gcc_cb.dll!wxEvtHandler::SafelyProcessEvent
000000006A08070C 00000000005C0036 0000000000000010 000000000C8E0CA0  wxmsw311u_gcc_cb.dll!wxWindowBase::Close
0000000069D99418 00000000001902A4 000000000080ECB0 0000000000000010  wxmsw311u_gcc_cb.dll!wxApp::OnQueryEndSession
0000000069C03214 0000000000180000 00007FFECC9BBA17 0000000000190000  wxmsw311u_gcc_cb.dll!wxAppConsoleBase::CallEventHandler
0000000069D62D42 0000000000000000 0000000000000000 000000000D6AE160  wxmsw311u_gcc_cb.dll!wxEvtHandler::ProcessEventIfMatchesId
0000000069D62E48 00000000027E8FE0 0000000000000002 0000000000000007  wxmsw311u_gcc_cb.dll!wxEventHashTable::HandleEvent
0000000069D6356D 000000000D6AE370 0000000000000002 0000000000000000  wxmsw311u_gcc_cb.dll!wxEvtHandler::TryHereOnly
0000000069D635DD 000000000D6AE360 0000000000000006 000000000C8E0CA0  wxmsw311u_gcc_cb.dll!wxEvtHandler::ProcessEventLocally
0000000069D63671 0000000000000000 0000000000000002 000000000D6AE160  wxmsw311u_gcc_cb.dll!wxEvtHandler::ProcessEvent
0000000069E61265 0000000000000000 00007FFECC9BC4BF 0000000000790036  wxmsw311u_gcc_cb.dll!wxWindow::HandleQueryEndSession
0000000069E6CB0B 00000000027E8FE0 000000000D672850 000000006A8889E4  wxmsw311u_gcc_cb.dll!wxWindow::MSWHandleMessage
0000000069E5E2EC 0000000000000030 00007FFECC513ADC 0000000000000001  wxmsw311u_gcc_cb.dll!wxWindow::MSWWindowProc
00007FFECBE563ED 00000000C0000388 0000000069E66020 0000000000070366  USER32.dll!CallWindowProcW
00007FFECBE55FBC 0000000000000000 0000000000000000 0000000000000000  USER32.dll!DispatchMessageW
00007FFECBE62753 000000000D6AE260 000000000E9BBC00 000000006A8889E4  USER32.dll!IsWindowVisible
00007FFECCA1FE14 00007FFECBE54B4A 000000000E9E82E0 0000002700000000  ntdll.dll!KiUserCallbackDispatch
00007FFEC9E61184 000000000E9E82E0 0000002700000000 0000000000000000  win32u.dll!NtUserMessageCall
00007FFECBE54B4A 0000000008477138 0000000002CA2060 000000000080F390  USER32.dll!GetWindowTextW
00007FFECBE547F3 0000000007B3E140 000000000000003B 000000004000018F  USER32.dll!GetWindowTextW
0000000069E63E49 000000000080F520 0000000000000000 000000000080F4F0  wxmsw311u_gcc_cb.dll!wxWindow::MSWDefWindowProc
0000000069E5E314 000000000080F590 0000000000000000 0000000000000001  wxmsw311u_gcc_cb.dll!wxWindow::MSWWindowProc
00007FFECBE563ED 0000000000000388 0000000069E66020 0000000000070366  USER32.dll!CallWindowProcW
00007FFECBE55FBC 0000000000000000 0000000000000000 000000004000018F  USER32.dll!DispatchMessageW
00007FFECBE62753 000000006A85F000 00007FFECC9D35D0 000000000080F760  USER32.dll!IsWindowVisible
00007FFECCA1FE14 00007FFECBE59CC2 0000ED0F15C08BEF 00000000001818E0  ntdll.dll!KiUserCallbackDispatch
00007FFEC9E610C4 0000ED0F15C08BEF 00000000001818E0 0000000000000000  win32u.dll!NtUserPeekMessage
00007FFECBE59CC2 0000000000000000 0000000001399030 0000000000000001  USER32.dll!PeekMessageW
00007FFECBE59C29 0000000000000001 000000000080F9E0 000000000C9DB990  USER32.dll!PeekMessageW
0000000069D1DA0C 0000000000000000 000000000CC1F420 000000000CC1F420  wxmsw311u_gcc_cb.dll!wxMSWEventLoopBase::GetNextMessageTimeout
0000000069D1DFEF 0000000000000000 0000000069C054EF 000000000CC1DF10  wxmsw311u_gcc_cb.dll!wxMSWEventLoopBase::GetNextMessage
0000000069EBDC2A 0000000000000000 0000000000010000 000000000C9DB970  wxmsw311u_gcc_cb.dll!wxGUIEventLoop::Dispatch
0000000069C3BDF3 000000000080FC00 00007FFECC4D9DA0 000000000C9DB970  wxmsw311u_gcc_cb.dll!wxEventLoopManual::ProcessEvents
0000000069C3BEAF 00000000027E8FE0 000000000C9DB970 0000000000000010  wxmsw311u_gcc_cb.dll!wxEventLoopManual::DoRun
0000000069C3BB79 00000000008CD750 00000002008CD7C6 000000000CCCF200  wxmsw311u_gcc_cb.dll!wxEventLoopBase::Run
0000000069C0788A 0000000000000000 00007FFECC9C2BF2 0000000000000000  wxmsw311u_gcc_cb.dll!wxAppConsoleBase::MainLoop
0000000000405294 00000000027E8FE0 0000000069D704AB 00000000008A2396  codeblocks.exe!0x5294
0000000069C839D5 0000000000000010 0000000000000040 00000000027A1360  wxmsw311u_gcc_cb.dll!wxEntryReal
0000000000402291 0000000000400000 0000000000000000 00000000008A35D9  codeblocks.exe!0x2291
00000000004013C7 0000000000000000 0000000000000000 0000000000000000  codeblocks.exe!0x13c7
00000000004014CB 0000000000000000 0000000000000000 0000000000000000  codeblocks.exe!0x14cb
00007FFECC617BD4 0000000000000000 0000000000000000 0000000000000000  KERNEL32.DLL!BaseThreadInitThunk
00007FFECC9ECED1 0000000000000000 0000000000000000 0000000000000000  ntdll.dll!RtlUserThreadStart

codeblocks.exe	17.12.0.0
ntdll.dll   	10.0.18362.418
KERNEL32.DLL	10.0.18362.329
KERNELBASE.dll	10.0.18362.476
msvcrt.dll  	7.0.18362.1
SHELL32.dll 	10.0.18362.449
COMCTL32.dll	6.10.18362.476
ucrtbase.dll	10.0.18362.387
cfgmgr32.dll	10.0.18362.387
combase.dll 	10.0.18362.449
RPCRT4.dll  	10.0.18362.476
libgcc_s_seh-1.dll
shcore.dll  	10.0.18362.1
windows.storage.dll	10.0.18362.449
bcryptPrimitives.dll	10.0.18362.295
msvcp_win.dll	10.0.18362.387
GDI32.dll   	10.0.18362.1
libwinpthread-1.dll	1.0.0.0
sechost.dll 	10.0.18362.267
win32u.dll  	10.0.18362.476
advapi32.dll	10.0.18362.329
gdi32full.dll	10.0.18362.476
profapi.dll 	10.0.18362.1
USER32.dll  	10.0.18362.476
powrprof.dll	10.0.18362.1
UMPDC.dll
shlwapi.dll 	10.0.18362.1
kernel.appcore.dll	10.0.18362.1
cryptsp.dll 	10.0.18362.1
libstdc++-6.dll
codeblocks.dll
SHFOLDER.dll	10.0.18362.1
exchndl.dll 	0.9.1.0
wxmsw311u_gcc_cb.dll	3.1.1.0
PSAPI.DLL   	10.0.18362.1
comdlg32.dll	10.0.18362.418
ole32.dll   	10.0.18362.113
mgwhelp.dll 	0.9.1.0
OLEAUT32.dll	10.0.18362.329
VERSION.dll 	10.0.18362.1
OLEACC.dll  	7.2.18362.1
dbghelp.dll 	10.0.17134.12
WINSPOOL.DRV	10.0.18362.267
UxTheme.dll 	10.0.18362.449
WINMM.dll   	10.0.18362.1
bcrypt.dll  	10.0.18362.267
WSOCK32.dll 	10.0.18362.1
WS2_32.dll  	10.0.18362.387
IPHLPAPI.DLL	10.0.18362.1
PROPSYS.dll 	7.0.18362.267
winmmbase.dll	10.0.18362.1
dbgcore.DLL 	10.0.17134.12
IMM32.DLL   	10.0.18362.387
rsaenh.dll  	10.0.18362.1
CRYPTBASE.dll	10.0.18362.1
MSCTF.dll   	10.0.18362.387
SspiCli.dll 	10.0.18362.1
TextInputFramework.dll	10.0.18362.267
CoreMessaging.dll	10.0.18362.1
CoreUIComponents.dll	10.0.18362.207
ntmarta.dll 	10.0.18362.1
wintypes.dll	10.0.18362.449
iertutil.dll	11.0.18362.449
clbcatq.dll 	2001.12.10941.16384
dataexchange.dll	10.0.18362.1
d3d11.dll   	10.0.18362.387
dcomp.dll   	10.0.18362.387
dxgi.dll    	10.0.18362.387
dxcore.dll  	10.0.18362.1
twinapi.appcore.dll	10.0.18362.1
RMCLIENT.dll	10.0.18362.267
WindowsCodecs.dll	10.0.18362.1
msftedit.DLL	10.0.18362.329
Windows.Globalization.dll	10.0.18362.86
Bcp47Langs.dll	10.0.18362.1
bcp47mrm.dll	10.0.18362.1
globinputhost.dll	10.0.18362.1
thumbcache.dll	10.0.18362.1
abbreviations.dll
astyle.dll
autosave.dll
AutoVersioning.dll
BrowseTracker.dll
byogames.dll
cb_koders.dll
Cccc.dll
classwizard.dll
codecompletion.dll
codesnippets.dll
codestat.dll
compiler.dll
copystrings.dll
CppCheck.dll
Cscope.dll
debugger.dll
defaultmimehandler.dll
devpakupdater.dll
DoxyBlocks.dll	1.7.663.8397
DragScroll.dll
EditorConfig.dll
EditorTweaks.dll
envvars.dll
Exporter.dll
FileManager.dll
FortranProject.dll
headerfixup.dll
help_plugin.dll
HHCTRL.OCX  	10.0.18362.1
HexEditor.dll
IncrementalSearch.dll
keybinder.dll
lib_finder.dll
wxflatnotebook.dll
MouseSap.dll
NassiShneiderman.dll
OccurrencesHighlighting.dll
openfileslist.dll
Profiler.dll
ProjectOptionsManipulator.dll
projectsimporter.dll
RegExTestbed.dll
ReopenEditor.dll
rndgen.dll
scriptedwizard.dll
SmartIndentCpp.dll
SmartIndentFortran.dll
SmartIndentHDL.dll
SmartIndentLua.dll
SmartIndentPascal.dll
SmartIndentPython.dll
SmartIndentXML.dll
SpellChecker.dll
SymTab.dll
ThreadSearch.dll
wxcustombutton.dll
todo.dll
ToolsPlus.dll
wxsmith.dll
wxsmithlib.dll
wxSmithAui.dll
wxSmithContribItems.dll
wxchartctrl.dll
wxkwic.dll
wxdatetimepicker.dll
wxmathplot.dll
wxled.dll
wxspeedbutton.dll
wximagepanel.dll
xpmanifest.dll
msimg32.dll 	10.0.18362.175
edputil.dll 	10.0.18362.1
Windows.UI.dll	10.0.18362.387
InputHost.dll	10.0.18362.387
Ninput.dll  	10.0.18362.1
gdiplus.dll 	10.0.18362.476
DWrite.dll  	10.0.18362.476
dwmapi.dll  	10.0.18362.267
DUser.dll   	10.0.18362.1
atlthunk.dll	10.0.18362.1
symsrv.dll  	10.0.17134.12
CRYPT32.dll 	10.0.18362.476
MSASN1.dll  	10.0.18362.1
WININET.dll 	11.0.18362.418
ondemandconnroutehelper.dll	10.0.18362.1
winhttp.dll 	10.0.18362.449
mswsock.dll 	10.0.18362.1
WINNSI.DLL  	10.0.18362.449
NSI.dll     	10.0.18362.449
dhcpcsvc6.DLL	10.0.18362.267
dhcpcsvc.DLL	10.0.18362.267
urlmon.dll  	11.0.18362.449
DNSAPI.dll  	10.0.18362.267
rasadhlp.dll	10.0.18362.1
DPAPI.DLL   	10.0.18362.1

Windows 10.0.18362
DrMingw 0.9.1

